2025-09-08 12:41:08,513 - C:\Users\viharida\Desktop\My_WorkSpace\Selenium Framework\utilities\custom_logger.py - INFO - Element found using id with valueemail1
2025-09-08 12:41:08,645 - C:\Users\viharida\Desktop\My_WorkSpace\Selenium Framework\utilities\custom_logger.py - INFO - Element found using id with valuepassword1
2025-09-08 12:41:08,715 - C:\Users\viharida\Desktop\My_WorkSpace\Selenium Framework\utilities\custom_logger.py - INFO - Element found using class with valuesubmit-btn
2025-09-08 12:41:11,498 - C:\Users\viharida\Desktop\My_WorkSpace\Selenium Framework\utilities\custom_logger.py - INFO - Element found using class with valuewelcomeMessage
2025-09-08 12:41:11,527 - C:\Users\viharida\Desktop\My_WorkSpace\Selenium Framework\utilities\custom_logger.py - INFO - Element found using xpath with value//img[@alt='menu']
2025-09-08 12:41:11,603 - C:\Users\viharida\Desktop\My_WorkSpace\Selenium Framework\utilities\custom_logger.py - INFO - Element found using xpath with value//button[normalize-space()='Sign out']
2025-09-08 12:41:11,956 - C:\Users\viharida\Desktop\My_WorkSpace\Selenium Framework\utilities\custom_logger.py - INFO - Element found using id with valueemail1
2025-09-08 12:41:12,135 - C:\Users\viharida\Desktop\My_WorkSpace\Selenium Framework\utilities\custom_logger.py - INFO - Element found using id with valuepassword1
2025-09-08 12:41:12,240 - C:\Users\viharida\Desktop\My_WorkSpace\Selenium Framework\utilities\custom_logger.py - INFO - Element found using class with valuesubmit-btn
2025-09-08 12:41:22,342 - C:\Users\viharida\Desktop\My_WorkSpace\Selenium Framework\utilities\custom_logger.py - INFO - Element not found using class with valuewelcomeMessage
2025-09-08 12:43:39,269 - C:\Users\viharida\Desktop\My_WorkSpace\Selenium Framework\utilities\custom_logger.py - INFO - Element found using id with valueemail1
2025-09-08 12:43:39,397 - C:\Users\viharida\Desktop\My_WorkSpace\Selenium Framework\utilities\custom_logger.py - INFO - Element found using id with valuepassword1
2025-09-08 12:43:39,484 - C:\Users\viharida\Desktop\My_WorkSpace\Selenium Framework\utilities\custom_logger.py - INFO - Element found using class with valuesubmit-btn
2025-09-08 12:43:42,475 - C:\Users\viharida\Desktop\My_WorkSpace\Selenium Framework\utilities\custom_logger.py - INFO - Element found using class with valuewelcomeMessage
2025-09-08 12:43:42,554 - C:\Users\viharida\Desktop\My_WorkSpace\Selenium Framework\utilities\custom_logger.py - INFO - Element found using xpath with value//img[@alt='menu']
2025-09-08 12:43:42,650 - C:\Users\viharida\Desktop\My_WorkSpace\Selenium Framework\utilities\custom_logger.py - INFO - Element found using xpath with value//button[normalize-space()='Sign out']
2025-09-08 12:43:43,176 - C:\Users\viharida\Desktop\My_WorkSpace\Selenium Framework\utilities\custom_logger.py - INFO - Element found using id with valueemail1
2025-09-08 12:43:43,310 - C:\Users\viharida\Desktop\My_WorkSpace\Selenium Framework\utilities\custom_logger.py - INFO - Element found using id with valuepassword1
2025-09-08 12:43:43,456 - C:\Users\viharida\Desktop\My_WorkSpace\Selenium Framework\utilities\custom_logger.py - INFO - Element found using class with valuesubmit-btn
2025-09-08 12:43:53,569 - C:\Users\viharida\Desktop\My_WorkSpace\Selenium Framework\utilities\custom_logger.py - INFO - Element not found using class with valuewelcomeMessage
2025-09-08 12:48:23,274 - SeleniumDriver - INFO - Element found using id with valueemail1
2025-09-08 12:48:23,385 - SeleniumDriver - INFO - Element found using id with valuepassword1
2025-09-08 12:48:23,475 - SeleniumDriver - INFO - Element found using class with valuesubmit-btn
2025-09-08 12:48:26,052 - SeleniumDriver - INFO - Element found using class with valuewelcomeMessage
2025-09-08 12:48:26,105 - SeleniumDriver - INFO - Element found using xpath with value//img[@alt='menu']
2025-09-08 12:48:26,205 - SeleniumDriver - INFO - Element found using xpath with value//button[normalize-space()='Sign out']
2025-09-08 12:48:26,643 - SeleniumDriver - INFO - Element found using id with valueemail1
2025-09-08 12:48:26,727 - SeleniumDriver - INFO - Element found using id with valuepassword1
2025-09-08 12:48:26,777 - SeleniumDriver - INFO - Element found using class with valuesubmit-btn
2025-09-08 12:48:36,894 - SeleniumDriver - INFO - Element not found using class with valuewelcomeMessage
2025-09-08 12:53:36,678 - SeleniumDriver - INFO - Element found using id with valueemail1
2025-09-08 12:53:36,818 - SeleniumDriver - INFO - Element found using id with valuepassword1
2025-09-08 12:53:36,895 - SeleniumDriver - INFO - Element found using class with valuesubmit-btn
2025-09-08 12:53:40,263 - SeleniumDriver - INFO - Element found using class with valuewelcomeMessage
2025-09-08 12:53:40,507 - SeleniumDriver - INFO - Element found using xpath with value//img[@alt='menu']
2025-09-08 12:53:40,606 - SeleniumDriver - INFO - Element found using xpath with value//button[normalize-space()='Sign out']
2025-09-08 12:53:41,023 - SeleniumDriver - INFO - Element found using id with valueemail1
2025-09-08 12:53:41,093 - SeleniumDriver - INFO - Element found using id with valuepassword1
2025-09-08 12:53:41,138 - SeleniumDriver - INFO - Element found using class with valuesubmit-btn
2025-09-08 12:53:51,207 - SeleniumDriver - INFO - Element not found using class with valuewelcomeMessage
2025-09-08 15:13:31,042 - SeleniumDriver - INFO - Element found using id with valueemail1
2025-09-08 15:13:31,170 - SeleniumDriver - INFO - Element found using id with valuepassword1
2025-09-08 15:13:31,248 - SeleniumDriver - INFO - Element found using class with valuesubmit-btn
2025-09-08 15:13:33,975 - SeleniumDriver - INFO - Element found using class with valuewelcomeMessage
2025-09-08 15:13:34,015 - SeleniumDriver - INFO - Element found using xpath with value//img[@alt='menu']
2025-09-08 15:13:34,171 - SeleniumDriver - INFO - Element found using xpath with value//button[normalize-space()='Sign out']
2025-09-08 15:13:34,571 - SeleniumDriver - INFO - Element found using id with valueemail1
2025-09-08 15:13:34,667 - SeleniumDriver - INFO - Element found using id with valuepassword1
2025-09-08 15:13:34,733 - SeleniumDriver - INFO - Element found using class with valuesubmit-btn
2025-09-08 15:13:44,845 - SeleniumDriver - INFO - Element not found using class with valuewelcomeMessage
2025-09-08 15:17:11,846 - SeleniumDriver - INFO - Element found using id with valueemail1
2025-09-08 15:17:11,948 - SeleniumDriver - INFO - Element found using id with valuepassword1
2025-09-08 15:17:12,002 - SeleniumDriver - INFO - Element found using class with valuesubmit-btn
2025-09-08 15:17:14,615 - SeleniumDriver - INFO - Element found using class with valuewelcomeMessage
2025-09-08 15:17:14,639 - SeleniumDriver - INFO - Element found using xpath with value//img[@alt='menu']
2025-09-08 15:17:14,686 - SeleniumDriver - INFO - Element found using xpath with value//button[normalize-space()='Sign out']
2025-09-08 15:17:15,321 - SeleniumDriver - INFO - Element found using id with valueemail1
2025-09-08 15:17:15,427 - SeleniumDriver - INFO - Element found using id with valuepassword1
2025-09-08 15:17:15,531 - SeleniumDriver - INFO - Element found using class with valuesubmit-btn
2025-09-08 15:17:25,659 - SeleniumDriver - INFO - Element not found using class with valuewelcomeMessage
2025-09-08 15:19:14,924 - SeleniumDriver - INFO - Element found using id with valueemail1
2025-09-08 15:19:15,025 - SeleniumDriver - INFO - Element found using id with valuepassword1
2025-09-08 15:19:15,092 - SeleniumDriver - INFO - Element found using class with valuesubmit-btn
2025-09-08 15:19:17,919 - SeleniumDriver - INFO - Element found using class with valuewelcomeMessage
2025-09-08 15:19:17,948 - SeleniumDriver - INFO - Element found using xpath with value//img[@alt='menu']
2025-09-08 15:19:18,047 - SeleniumDriver - INFO - Element found using xpath with value//button[normalize-space()='Sign out']
2025-09-08 15:19:18,617 - SeleniumDriver - INFO - Element found using id with valueemail1
2025-09-08 15:19:18,716 - SeleniumDriver - INFO - Element found using id with valuepassword1
2025-09-08 15:19:18,781 - SeleniumDriver - INFO - Element found using class with valuesubmit-btn
2025-09-08 15:19:28,890 - SeleniumDriver - INFO - Element not found using class with valuewelcomeMessage
2025-09-08 15:20:49,905 - SeleniumDriver - INFO - Element found using id with valueemail1
2025-09-08 15:20:50,014 - SeleniumDriver - INFO - Element found using id with valuepassword1
2025-09-08 15:20:50,112 - SeleniumDriver - INFO - Element found using class with valuesubmit-btn
2025-09-08 15:20:52,813 - SeleniumDriver - INFO - Element found using class with valuewelcomeMessage
2025-09-08 15:20:52,851 - SeleniumDriver - INFO - Element found using xpath with value//img[@alt='menu']
2025-09-08 15:20:52,955 - SeleniumDriver - INFO - Element found using xpath with value//button[normalize-space()='Sign out']
2025-09-08 15:20:53,375 - SeleniumDriver - INFO - Element found using id with valueemail1
2025-09-08 15:20:53,486 - SeleniumDriver - INFO - Element found using id with valuepassword1
2025-09-08 15:20:53,547 - SeleniumDriver - INFO - Element found using class with valuesubmit-btn
2025-09-08 15:21:03,660 - SeleniumDriver - INFO - Element not found using class with valuewelcomeMessage
2025-09-08 15:23:26,339 - SeleniumDriver - INFO - Element found using id with valueemail1
2025-09-08 15:23:26,454 - SeleniumDriver - INFO - Element found using id with valuepassword1
2025-09-08 15:23:26,530 - SeleniumDriver - INFO - Element found using class with valuesubmit-btn
2025-09-08 15:23:29,108 - SeleniumDriver - INFO - Element found using class with valuewelcomeMessage
2025-09-08 15:23:29,147 - SeleniumDriver - INFO - Element found using xpath with value//img[@alt='menu']
2025-09-08 15:23:29,272 - SeleniumDriver - INFO - Element found using xpath with value//button[normalize-space()='Sign out']
2025-09-08 15:23:29,714 - SeleniumDriver - INFO - Element found using id with valueemail1
2025-09-08 15:23:29,792 - SeleniumDriver - INFO - Element found using id with valuepassword1
2025-09-08 15:23:29,854 - SeleniumDriver - INFO - Element found using class with valuesubmit-btn
2025-09-08 15:23:39,959 - SeleniumDriver - INFO - Element not found using class with valuewelcomeMessage
2025-09-08 15:24:43,231 - SeleniumDriver - INFO - Element found using id with valueemail1
2025-09-08 15:24:43,369 - SeleniumDriver - INFO - Element found using id with valuepassword1
2025-09-08 15:24:43,440 - SeleniumDriver - INFO - Element found using class with valuesubmit-btn
2025-09-08 15:24:46,058 - SeleniumDriver - INFO - Element found using class with valuewelcomeMessage
2025-09-08 15:24:46,084 - SeleniumDriver - INFO - Element found using xpath with value//img[@alt='menu']
2025-09-08 15:24:46,147 - SeleniumDriver - INFO - Element found using xpath with value//button[normalize-space()='Sign out']
2025-09-08 15:24:46,557 - SeleniumDriver - INFO - Element found using id with valueemail1
2025-09-08 15:24:46,613 - SeleniumDriver - INFO - Element found using id with valuepassword1
2025-09-08 15:24:46,654 - SeleniumDriver - INFO - Element found using class with valuesubmit-btn
2025-09-08 15:24:56,754 - SeleniumDriver - INFO - Element not found using class with valuewelcomeMessage
2025-09-08 15:25:23,164 - SeleniumDriver - INFO - Element found using id with valueemail1
2025-09-08 15:25:23,273 - SeleniumDriver - INFO - Element found using id with valuepassword1
2025-09-08 15:25:23,340 - SeleniumDriver - INFO - Element found using class with valuesubmit-btn
2025-09-08 15:25:25,951 - SeleniumDriver - INFO - Element found using class with valuewelcomeMessage
2025-09-08 15:25:25,983 - SeleniumDriver - INFO - Element found using xpath with value//img[@alt='menu']
2025-09-08 15:25:26,066 - SeleniumDriver - INFO - Element found using xpath with value//button[normalize-space()='Sign out']
2025-09-08 15:25:26,507 - SeleniumDriver - INFO - Element found using id with valueemail1
2025-09-08 15:25:26,580 - SeleniumDriver - INFO - Element found using id with valuepassword1
2025-09-08 15:25:26,663 - SeleniumDriver - INFO - Element found using class with valuesubmit-btn
2025-09-08 15:25:36,741 - SeleniumDriver - INFO - Element not found using class with valuewelcomeMessage
2025-09-08 15:26:30,058 - SeleniumDriver - INFO - Element found using id with valueemail1
2025-09-08 15:26:30,290 - SeleniumDriver - INFO - Element found using id with valuepassword1
2025-09-08 15:26:30,454 - SeleniumDriver - INFO - Element found using class with valuesubmit-btn
2025-09-08 15:26:33,728 - SeleniumDriver - INFO - Element found using class with valuewelcomeMessage
2025-09-08 15:26:33,762 - SeleniumDriver - INFO - Element found using xpath with value//img[@alt='menu']
2025-09-08 15:26:33,832 - SeleniumDriver - INFO - Element found using xpath with value//button[normalize-space()='Sign out']
2025-09-08 15:26:34,237 - SeleniumDriver - INFO - Element found using id with valueemail1
2025-09-08 15:26:34,303 - SeleniumDriver - INFO - Element found using id with valuepassword1
2025-09-08 15:26:34,345 - SeleniumDriver - INFO - Element found using class with valuesubmit-btn
2025-09-08 15:26:44,424 - SeleniumDriver - INFO - Element not found using class with valuewelcomeMessage
2025-09-08 15:29:41,272 - SeleniumDriver - INFO - Element found using id with valueemail1
2025-09-08 15:29:41,393 - SeleniumDriver - INFO - Element found using id with valuepassword1
2025-09-08 15:29:41,462 - SeleniumDriver - INFO - Element found using class with valuesubmit-btn
2025-09-08 15:29:44,109 - SeleniumDriver - INFO - Element found using class with valuewelcomeMessage
2025-09-08 15:29:44,152 - SeleniumDriver - INFO - Element found using xpath with value//img[@alt='menu']
2025-09-08 15:29:44,278 - SeleniumDriver - INFO - Element found using xpath with value//button[normalize-space()='Sign out']
2025-09-08 15:29:44,671 - SeleniumDriver - INFO - Element found using id with valueemail1
2025-09-08 15:29:44,781 - SeleniumDriver - INFO - Element found using id with valuepassword1
2025-09-08 15:29:44,845 - SeleniumDriver - INFO - Element found using class with valuesubmit-btn
2025-09-08 15:29:55,019 - SeleniumDriver - INFO - Element not found using class with valuewelcomeMessage
2025-09-08 15:40:40,525 - SeleniumDriver - INFO - Element found using id with valueemail1
2025-09-08 15:40:40,631 - SeleniumDriver - INFO - Element found using id with valuepassword1
2025-09-08 15:40:40,677 - SeleniumDriver - INFO - Element found using class with valuesubmit-btn
2025-09-08 15:40:43,529 - SeleniumDriver - INFO - Element found using class with valuewelcomeMessage
2025-09-08 15:40:43,561 - SeleniumDriver - INFO - Element found using xpath with value//img[@alt='menu']
2025-09-08 15:40:43,625 - SeleniumDriver - INFO - Element found using xpath with value//button[normalize-space()='Sign out']
2025-09-08 15:40:44,440 - SeleniumDriver - INFO - Element found using id with valueemail1
2025-09-08 15:40:44,563 - SeleniumDriver - INFO - Element found using id with valuepassword1
2025-09-08 15:40:44,629 - SeleniumDriver - INFO - Element found using class with valuesubmit-btn
2025-09-08 15:40:54,728 - SeleniumDriver - INFO - Element not found using class with valuewelcomeMessage
2025-09-08 15:42:27,150 - SeleniumDriver - INFO - Element found using id with valueemail1
2025-09-08 15:42:27,256 - SeleniumDriver - INFO - Element found using id with valuepassword1
2025-09-08 15:42:27,311 - SeleniumDriver - INFO - Element found using class with valuesubmit-btn
2025-09-08 15:42:32,023 - SeleniumDriver - INFO - Element found using class with valuewelcomeMessage
2025-09-08 15:42:32,060 - SeleniumDriver - INFO - Element found using xpath with value//img[@alt='menu']
2025-09-08 15:42:32,132 - SeleniumDriver - INFO - Element found using xpath with value//button[normalize-space()='Sign out']
2025-09-08 15:42:32,569 - SeleniumDriver - INFO - Element found using id with valueemail1
2025-09-08 15:42:32,647 - SeleniumDriver - INFO - Element found using id with valuepassword1
2025-09-08 15:42:32,708 - SeleniumDriver - INFO - Element found using class with valuesubmit-btn
2025-09-08 15:42:42,789 - SeleniumDriver - INFO - Element not found using class with valuewelcomeMessage
2025-09-08 15:49:00,643 - SeleniumDriver - INFO - Element found using id with valueemail1
2025-09-08 15:49:00,768 - SeleniumDriver - INFO - Element found using id with valuepassword1
2025-09-08 15:49:00,839 - SeleniumDriver - INFO - Element found using class with valuesubmit-btn
2025-09-08 15:49:04,599 - SeleniumDriver - INFO - Element found using class with valuewelcomeMessage
2025-09-08 15:49:04,625 - SeleniumDriver - INFO - Element found using xpath with value//img[@alt='menu']
2025-09-08 15:49:04,675 - SeleniumDriver - INFO - Element found using xpath with value//button[normalize-space()='Sign out']
2025-09-08 15:49:05,072 - SeleniumDriver - INFO - Element found using id with valueemail1
2025-09-08 15:49:05,144 - SeleniumDriver - INFO - Element found using id with valuepassword1
2025-09-08 15:49:05,197 - SeleniumDriver - INFO - Element found using class with valuesubmit-btn
2025-09-08 15:49:15,258 - SeleniumDriver - INFO - Element not found using class with valuewelcomeMessage
2025-09-09 16:58:22,386 - SeleniumDriver - INFO - Element found using id with valueemail1
2025-09-09 16:58:22,539 - SeleniumDriver - INFO - Element found using id with valuepassword1
2025-09-09 16:58:22,638 - SeleniumDriver - INFO - Element found using class with valuesubmit-btn
2025-09-09 16:58:25,330 - SeleniumDriver - INFO - Element found using class with valuewelcomeMessage
2025-09-09 16:58:25,359 - SeleniumDriver - INFO - Element found using xpath with value//img[@alt='menu']
2025-09-09 16:58:25,435 - SeleniumDriver - INFO - Element found using xpath with value//button[normalize-space()='Sign out']
2025-09-09 16:58:25,852 - SeleniumDriver - INFO - Element found using id with valueemail1
2025-09-09 16:58:25,924 - SeleniumDriver - INFO - Element found using id with valuepassword1
2025-09-09 16:58:25,973 - SeleniumDriver - INFO - Element found using class with valuesubmit-btn
2025-09-09 16:58:36,038 - SeleniumDriver - INFO - Element not found using class with valuewelcomeMessage
2025-09-09 16:58:57,980 - SeleniumDriver - INFO - Element found using id with valueemail1
2025-09-09 16:58:58,081 - SeleniumDriver - INFO - Element found using id with valuepassword1
2025-09-09 16:58:58,145 - SeleniumDriver - INFO - Element found using class with valuesubmit-btn
2025-09-09 16:59:01,085 - SeleniumDriver - INFO - Element found using class with valuewelcomeMessage
2025-09-09 16:59:01,114 - SeleniumDriver - INFO - Element found using xpath with value//img[@alt='menu']
2025-09-09 16:59:01,160 - SeleniumDriver - INFO - Element found using xpath with value//button[normalize-space()='Sign out']
2025-09-09 16:59:01,529 - SeleniumDriver - INFO - Element found using id with valueemail1
2025-09-09 16:59:01,597 - SeleniumDriver - INFO - Element found using id with valuepassword1
2025-09-09 16:59:01,637 - SeleniumDriver - INFO - Element found using class with valuesubmit-btn
2025-09-09 16:59:11,680 - SeleniumDriver - INFO - Element not found using class with valuewelcomeMessage
2025-09-09 17:00:03,285 - SeleniumDriver - INFO - Element found using id with valueemail1
2025-09-09 17:00:03,515 - SeleniumDriver - INFO - Element found using id with valuepassword1
2025-09-09 17:00:03,661 - SeleniumDriver - INFO - Element found using class with valuesubmit-btn
2025-09-09 17:00:06,495 - SeleniumDriver - INFO - Element found using class with valuewelcomeMessage
2025-09-09 17:00:06,517 - SeleniumDriver - INFO - Element found using xpath with value//img[@alt='menu']
2025-09-09 17:00:06,573 - SeleniumDriver - INFO - Element found using xpath with value//button[normalize-space()='Sign out']
2025-09-09 17:00:07,244 - SeleniumDriver - INFO - Element found using id with valueemail1
2025-09-09 17:00:07,328 - SeleniumDriver - INFO - Element found using id with valuepassword1
2025-09-09 17:00:07,429 - SeleniumDriver - INFO - Element found using class with valuesubmit-btn
2025-09-09 17:00:17,572 - SeleniumDriver - INFO - Element not found using class with valuewelcomeMessage
